<?xml version="1.0" encoding="UTF-8"?>
<!-- Generated by org.testng.reporters.JUnitReportReporter -->
<testsuite hostname="LTW0100001" failures="0" tests="1" name="testCases.T01_HomepageValidation" time="19.681" errors="0" timestamp="2021-07-04T16:31:30 BDT" skipped="0">
  <testcase classname="testCases.T01_HomepageValidation" name="homepageValidation" time="19.681"/>
</testsuite> <!-- testCases.T01_HomepageValidation -->
