<?xml version="1.0" encoding="UTF-8"?>
<!-- Generated by org.testng.reporters.JUnitReportReporter -->
<testsuite hostname="LTW0100001" failures="0" tests="1" name="testCases.T02_LoginpageValidation" time="20.075" errors="0" timestamp="2021-07-04T16:31:30 BDT" skipped="0">
  <testcase classname="testCases.T02_LoginpageValidation" name="loginpage" time="20.075"/>
</testsuite> <!-- testCases.T02_LoginpageValidation -->
